<?xml version="1.0" encoding="UTF-8"?>
<!-- Generated by org.testng.reporters.JUnitReportReporter -->
<testsuite hostname="suriya" failures="0" tests="1" name="LoginModule.ProgramTest" time="0.960" errors="0" timestamp="2024-02-04T13:07:13 IST" skipped="0">
  <testcase classname="LoginModule.ProgramTest" name="testCase" time="0.960"/>
  <system-out>
    <![CDATA[Test Case Executed
https://demowebshop.tricentis.com/]]>
  </system-out>
</testsuite> <!-- LoginModule.ProgramTest -->
